C:\USERS\TRAN\DOCUMENTS\VISUAL STUDIO 2012\PROJECTS\CUDAKMEANSV4.0\CUDAKMEANSV4.0\DEBUG\KMEAN.OBJ
C:\USERS\TRAN\DOCUMENTS\VISUAL STUDIO 2012\PROJECTS\CUDAKMEANSV4.0\CUDAKMEANSV4.0\DEBUG\TESTCLASS.OBJ
C:\USERS\TRAN\DOCUMENTS\VISUAL STUDIO 2012\PROJECTS\CUDAKMEANSV4.0\CUDAKMEANSV4.0\DEBUG\VC110.PDB
C:\USERS\TRAN\DOCUMENTS\VISUAL STUDIO 2012\PROJECTS\CUDAKMEANSV4.0\DEBUG\CUDAKMEANSV4.0.ILK
C:\USERS\TRAN\DOCUMENTS\VISUAL STUDIO 2012\PROJECTS\CUDAKMEANSV4.0\DEBUG\CUDAKMEANSV4.0.EXE
C:\USERS\TRAN\DOCUMENTS\VISUAL STUDIO 2012\PROJECTS\CUDAKMEANSV4.0\DEBUG\CUDAKMEANSV4.0.PDB
C:\Users\Tran\Documents\Visual Studio 2012\Projects\CudaKMeansv4.0\CudaKMeansv4.0\Debug\kernel.cu.cache
C:\Users\Tran\Documents\Visual Studio 2012\Projects\CudaKMeansv4.0\CudaKMeansv4.0\Debug\kernel.cu.obj
C:\Users\Tran\Documents\Visual Studio 2012\Projects\CudaKMeansv4.0\CudaKMeansv4.0\Debug\KMean.obj
C:\Users\Tran\Documents\Visual Studio 2012\Projects\CudaKMeansv4.0\CudaKMeansv4.0\Debug\TestClass.obj
C:\Users\Tran\Documents\Visual Studio 2012\Projects\CudaKMeansv4.0\CudaKMeansv4.0\Debug\cl.command.1.tlog
C:\Users\Tran\Documents\Visual Studio 2012\Projects\CudaKMeansv4.0\CudaKMeansv4.0\Debug\CL.read.1.tlog
C:\Users\Tran\Documents\Visual Studio 2012\Projects\CudaKMeansv4.0\CudaKMeansv4.0\Debug\CL.write.1.tlog
C:\Users\Tran\Documents\Visual Studio 2012\Projects\CudaKMeansv4.0\CudaKMeansv4.0\Debug\link-cvtres.read.1.tlog
C:\Users\Tran\Documents\Visual Studio 2012\Projects\CudaKMeansv4.0\CudaKMeansv4.0\Debug\link-cvtres.write.1.tlog
C:\Users\Tran\Documents\Visual Studio 2012\Projects\CudaKMeansv4.0\CudaKMeansv4.0\Debug\link-rc.read.1.tlog
C:\Users\Tran\Documents\Visual Studio 2012\Projects\CudaKMeansv4.0\CudaKMeansv4.0\Debug\link-rc.write.1.tlog
C:\Users\Tran\Documents\Visual Studio 2012\Projects\CudaKMeansv4.0\CudaKMeansv4.0\Debug\link.1364-cvtres.read.1.tlog
C:\Users\Tran\Documents\Visual Studio 2012\Projects\CudaKMeansv4.0\CudaKMeansv4.0\Debug\link.1364-cvtres.write.1.tlog
C:\Users\Tran\Documents\Visual Studio 2012\Projects\CudaKMeansv4.0\CudaKMeansv4.0\Debug\link.1364-rc.read.1.tlog
C:\Users\Tran\Documents\Visual Studio 2012\Projects\CudaKMeansv4.0\CudaKMeansv4.0\Debug\link.1364-rc.write.1.tlog
C:\Users\Tran\Documents\Visual Studio 2012\Projects\CudaKMeansv4.0\CudaKMeansv4.0\Debug\link.1364.read.1.tlog
C:\Users\Tran\Documents\Visual Studio 2012\Projects\CudaKMeansv4.0\CudaKMeansv4.0\Debug\link.1364.write.1.tlog
C:\Users\Tran\Documents\Visual Studio 2012\Projects\CudaKMeansv4.0\CudaKMeansv4.0\Debug\link.1444-cvtres.read.1.tlog
C:\Users\Tran\Documents\Visual Studio 2012\Projects\CudaKMeansv4.0\CudaKMeansv4.0\Debug\link.1444-cvtres.write.1.tlog
C:\Users\Tran\Documents\Visual Studio 2012\Projects\CudaKMeansv4.0\CudaKMeansv4.0\Debug\link.1444-rc.read.1.tlog
C:\Users\Tran\Documents\Visual Studio 2012\Projects\CudaKMeansv4.0\CudaKMeansv4.0\Debug\link.1444-rc.write.1.tlog
C:\Users\Tran\Documents\Visual Studio 2012\Projects\CudaKMeansv4.0\CudaKMeansv4.0\Debug\link.1444.read.1.tlog
C:\Users\Tran\Documents\Visual Studio 2012\Projects\CudaKMeansv4.0\CudaKMeansv4.0\Debug\link.1444.write.1.tlog
C:\Users\Tran\Documents\Visual Studio 2012\Projects\CudaKMeansv4.0\CudaKMeansv4.0\Debug\link.5924-cvtres.read.1.tlog
C:\Users\Tran\Documents\Visual Studio 2012\Projects\CudaKMeansv4.0\CudaKMeansv4.0\Debug\link.5924-cvtres.write.1.tlog
C:\Users\Tran\Documents\Visual Studio 2012\Projects\CudaKMeansv4.0\CudaKMeansv4.0\Debug\link.5924-rc.read.1.tlog
C:\Users\Tran\Documents\Visual Studio 2012\Projects\CudaKMeansv4.0\CudaKMeansv4.0\Debug\link.5924-rc.write.1.tlog
C:\Users\Tran\Documents\Visual Studio 2012\Projects\CudaKMeansv4.0\CudaKMeansv4.0\Debug\link.5924.read.1.tlog
C:\Users\Tran\Documents\Visual Studio 2012\Projects\CudaKMeansv4.0\CudaKMeansv4.0\Debug\link.5924.write.1.tlog
C:\Users\Tran\Documents\Visual Studio 2012\Projects\CudaKMeansv4.0\CudaKMeansv4.0\Debug\link.9664-cvtres.read.1.tlog
C:\Users\Tran\Documents\Visual Studio 2012\Projects\CudaKMeansv4.0\CudaKMeansv4.0\Debug\link.9664-cvtres.write.1.tlog
C:\Users\Tran\Documents\Visual Studio 2012\Projects\CudaKMeansv4.0\CudaKMeansv4.0\Debug\link.9664-rc.read.1.tlog
C:\Users\Tran\Documents\Visual Studio 2012\Projects\CudaKMeansv4.0\CudaKMeansv4.0\Debug\link.9664-rc.write.1.tlog
C:\Users\Tran\Documents\Visual Studio 2012\Projects\CudaKMeansv4.0\CudaKMeansv4.0\Debug\link.9664.read.1.tlog
C:\Users\Tran\Documents\Visual Studio 2012\Projects\CudaKMeansv4.0\CudaKMeansv4.0\Debug\link.9664.write.1.tlog
C:\Users\Tran\Documents\Visual Studio 2012\Projects\CudaKMeansv4.0\CudaKMeansv4.0\Debug\link.9992-cvtres.read.1.tlog
C:\Users\Tran\Documents\Visual Studio 2012\Projects\CudaKMeansv4.0\CudaKMeansv4.0\Debug\link.9992-cvtres.write.1.tlog
C:\Users\Tran\Documents\Visual Studio 2012\Projects\CudaKMeansv4.0\CudaKMeansv4.0\Debug\link.9992-rc.read.1.tlog
C:\Users\Tran\Documents\Visual Studio 2012\Projects\CudaKMeansv4.0\CudaKMeansv4.0\Debug\link.9992-rc.write.1.tlog
C:\Users\Tran\Documents\Visual Studio 2012\Projects\CudaKMeansv4.0\CudaKMeansv4.0\Debug\link.9992.read.1.tlog
C:\Users\Tran\Documents\Visual Studio 2012\Projects\CudaKMeansv4.0\CudaKMeansv4.0\Debug\link.9992.write.1.tlog
C:\Users\Tran\Documents\Visual Studio 2012\Projects\CudaKMeansv4.0\CudaKMeansv4.0\Debug\link.command.1.tlog
C:\Users\Tran\Documents\Visual Studio 2012\Projects\CudaKMeansv4.0\CudaKMeansv4.0\Debug\link.read.1.tlog
C:\Users\Tran\Documents\Visual Studio 2012\Projects\CudaKMeansv4.0\CudaKMeansv4.0\Debug\link.write.1.tlog
C:\Users\Tran\Documents\Visual Studio 2012\Projects\CudaKMeansv4.0\CudaKMeansv4.0\Debug\vc110.idb
C:\Users\Tran\Documents\Visual Studio 2012\Projects\CudaKMeansv4.0\CudaKMeansv4.0\Debug\vc110.pdb
C:\Users\Tran\Documents\Visual Studio 2012\Projects\CudaKMeansv4.0\Debug\CudaKMeansv4.0.pdb
C:\Users\Tran\Documents\Visual Studio 2012\Projects\CudaKMeansv4.0\Debug\CudaKMeansv4.0.exe
C:\Users\Tran\Documents\Visual Studio 2012\Projects\CudaKMeansv4.0\Debug\CudaKMeansv4.0.ilk
